USB:

    USB 3.1 Bus:

      Host Controller Driver: AppleT8112USBXHCI

    USB 3.1 Bus:

      Host Controller Driver: AppleT8112USBXHCI

        USB3.0 Hub             :

          Product ID: 0x0817
          Vendor ID: 0x2109  (VIA Labs, Inc.)
          Version: 4.f3
          Serial Number: 000000000
          Speed: Up to 5 Gb/s
          Manufacturer: VIA Labs, Inc.         
          Location ID: 0x01200000 / 2
          Current Available (mA): 900
          Current Required (mA): 0
          Extra Operating Current (mA): 0

            USB 10/100/1000 LAN:

              Product ID: 0x8153
              Vendor ID: 0x0bda  (Realtek Semiconductor Corp.)
              Version: 31.00
              Serial Number: 001000001
              Speed: Up to 5 Gb/s
              Manufacturer: Realtek
              Location ID: 0x01230000 / 5
              Current Available (mA): 900
              Current Required (mA): 288
              Extra Operating Current (mA): 0

            USB3.0 Card Reader:

              Product ID: 0x0749
              Vendor ID: 0x05e3  (Genesys Logic, Inc.)
              Version: 15.39
              Serial Number: 000000001539
              Speed: Up to 5 Gb/s
              Manufacturer: Generic
              Location ID: 0x01220000 / 4
              Current Available (mA): 900
              Current Required (mA): 896
              Extra Operating Current (mA): 0

        USB2.0 Hub             :

          Product ID: 0x2817
          Vendor ID: 0x2109  (VIA Labs, Inc.)
          Version: 4.f3
          Serial Number: 000000000
          Speed: Up to 480 Mb/s
          Manufacturer: VIA Labs, Inc.         
          Location ID: 0x01100000 / 1
          Current Available (mA): 500
          Current Required (mA): 0
          Extra Operating Current (mA): 0

            Maschine MK3:

              Product ID: 0x1600
              Vendor ID: 0x17cc
              Version: 1.45
              Serial Number: BB3DB682
              Speed: Up to 480 Mb/s
              Manufacturer: Native Instruments
              Location ID: 0x01140000 / 3
              Current Available (mA): 500
              Current Required (mA): 480
              Extra Operating Current (mA): 0

